2025-07-20 07:33:07,245 INFO: Vimi startup [in D:\A2\vimi\backend\app\__init__.py:32]
2025-07-20 07:33:51,349 INFO: Vimi startup [in D:\A2\vimi\backend\app\__init__.py:32]
2025-07-20 07:34:22,255 INFO: Vimi startup [in D:\A2\vimi\backend\app\__init__.py:32]
2025-07-20 07:34:54,465 INFO: Vimi startup [in D:\A2\vimi\backend\app\__init__.py:32]
2025-07-20 07:35:08,337 INFO: 收到注册请求数据: {'username': 'CHASE', 'email': '3328162745@qq.com', 'password': '123456', 'role': 'candidate'} [in D:\A2\vimi\backend\app\routes\auth.py:16]
2025-07-20 07:35:08,341 ERROR: 注册过程中出错: Multiple classes found for path "SpeechRecord" in the registry of this declarative base. Please use a fully module-qualified path. [in D:\A2\vimi\backend\app\routes\auth.py:79]
2025-07-20 07:35:08,341 ERROR: 请求数据: {'username': 'CHASE', 'email': '3328162745@qq.com', 'password': '123456', 'role': 'candidate'} [in D:\A2\vimi\backend\app\routes\auth.py:81]
2025-07-20 07:37:00,387 INFO: Vimi startup [in D:\A2\vimi\backend\app\__init__.py:32]
2025-07-20 07:37:06,176 INFO: Vimi startup [in D:\A2\vimi\backend\app\__init__.py:32]
2025-07-20 07:37:50,955 INFO: Vimi startup [in D:\A2\vimi\backend\app\__init__.py:32]
2025-07-20 07:38:04,189 INFO: 收到注册请求数据: {'username': 'CHASEE', 'email': '3328162745@qq.com', 'password': '123456', 'role': 'candidate'} [in D:\A2\vimi\backend\app\routes\auth.py:16]
2025-07-20 07:38:04,303 INFO: 创建新用户: CHASEE [in D:\A2\vimi\backend\app\routes\auth.py:52]
2025-07-20 07:38:04,314 INFO: 用户保存成功: 1 [in D:\A2\vimi\backend\app\routes\auth.py:57]
2025-07-20 18:10:53,963 INFO: Vimi startup [in F:\Code\challenge\project\wyl\1\vimi-main\backend\app\__init__.py:32]
2025-07-20 18:11:55,521 INFO: Vimi startup [in F:\Code\challenge\project\wyl\1\vimi-main\backend\app\__init__.py:32]
2025-07-20 18:34:25,873 INFO: Vimi startup [in F:\Code\challenge\project\wyl\1\vimi-main\backend\app\__init__.py:32]
2025-07-20 18:37:14,184 INFO: Vimi startup [in F:\Code\challenge\project\wyl\1\vimi-main\backend\app\__init__.py:32]
2025-07-20 18:50:04,659 INFO: Vimi startup [in F:\Code\challenge\project\wyl\1\vimi-main\backend\app\__init__.py:32]
2025-07-20 18:50:49,310 INFO: Vimi startup [in F:\Code\challenge\project\wyl\1\vimi-main\backend\app\__init__.py:32]
2025-07-20 18:51:12,138 INFO: Vimi startup [in F:\Code\challenge\project\wyl\1\vimi-main\backend\app\__init__.py:32]
2025-07-20 18:51:49,383 INFO: Vimi startup [in F:\Code\challenge\project\wyl\1\vimi-main\backend\app\__init__.py:32]
2025-07-20 18:54:05,402 INFO: Vimi startup [in F:\Code\challenge\project\wyl\1\vimi-main\backend\app\__init__.py:32]
2025-07-20 18:55:14,480 INFO: Vimi startup [in F:\Code\challenge\project\wyl\1\vimi-main\backend\app\__init__.py:32]
2025-07-20 18:55:15,927 INFO: Vimi startup [in F:\Code\challenge\project\wyl\1\vimi-main\backend\app\__init__.py:32]
2025-07-20 18:56:13,725 INFO: Vimi startup [in F:\Code\challenge\project\wyl\1\vimi-main\backend\app\__init__.py:32]
2025-07-20 19:11:48,884 INFO: Vimi startup [in F:\Code\challenge\project\wyl\1\vimi-main\backend\app\__init__.py:32]
2025-07-20 19:11:50,296 INFO: Vimi startup [in F:\Code\challenge\project\wyl\1\vimi-main\backend\app\__init__.py:32]
2025-07-21 12:56:00,369 INFO: Vimi startup [in F:\Code\challenge\project\wyl\1\vimi-main\backend\app\__init__.py:32]
2025-07-21 12:56:01,840 INFO: Vimi startup [in F:\Code\challenge\project\wyl\1\vimi-main\backend\app\__init__.py:32]
2025-07-21 13:13:27,882 INFO: Vimi startup [in F:\Code\challenge\project\wyl\1\vimi-main\backend\app\__init__.py:32]
2025-07-21 13:13:29,124 INFO: Vimi startup [in F:\Code\challenge\project\wyl\1\vimi-main\backend\app\__init__.py:32]
2025-07-21 19:59:09,261 INFO: Vimi startup [in F:\Code\challenge\project\wyl\1\vimi-main\backend\app\__init__.py:32]
2025-07-21 19:59:10,877 INFO: Vimi startup [in F:\Code\challenge\project\wyl\1\vimi-main\backend\app\__init__.py:32]
